(0.000) 
            SELECT name, type FROM sqlite_master
            WHERE type in ('table', 'view') AND NOT name='sqlite_sequence'
            ORDER BY name; args=None
(0.000) SELECT "django_migrations"."id", "django_migrations"."app", "django_migrations"."name", "django_migrations"."applied" FROM "django_migrations"; args=()
(0.015) SELECT "django_session"."session_key", "django_session"."session_data", "django_session"."expire_date" FROM "django_session" WHERE ("django_session"."expire_date" > '2021-01-31 17:59:47.515900' AND "django_session"."session_key" = 'w6bzrsb6t0midn4hhzvp4zr7g2hqjpm0') LIMIT 21; args=('2021-01-31 17:59:47.515900', 'w6bzrsb6t0midn4hhzvp4zr7g2hqjpm0')
"GET / HTTP/1.1" 200 11138
"GET /static/app/content/responsive.css?v=3.1 HTTP/1.1" 200 3004
"GET /static/app/content/sitev2.css?v=3.2 HTTP/1.1" 200 28808
"GET /static/app/scripts/jquery.bcSwipe.min.js HTTP/1.1" 200 610
"GET /static/app/scripts/respond.js HTTP/1.1" 200 10658
"GET /static/app/scripts/cubicscripts.js?v=3.1 HTTP/1.1" 200 8986
"GET /static/app/images/Scincube.webp HTTP/1.1" 200 75722
"GET /static/app/images/art.webp HTTP/1.1" 200 126542
"GET /static/app/images/wheel.webp HTTP/1.1" 200 21216
"GET /static/app/images/arch.webp HTTP/1.1" 200 117658
(0.000) SELECT "django_session"."session_key", "django_session"."session_data", "django_session"."expire_date" FROM "django_session" WHERE ("django_session"."expire_date" > '2021-01-31 17:59:48.053592' AND "django_session"."session_key" = 'w6bzrsb6t0midn4hhzvp4zr7g2hqjpm0') LIMIT 21; args=('2021-01-31 17:59:48.053592', 'w6bzrsb6t0midn4hhzvp4zr7g2hqjpm0')
"GET /static/app/images/twitter.webp HTTP/1.1" 200 500
"GET /static/app/images/lifestyle.webp HTTP/1.1" 200 45898
"GET /static/app/images/instagram.webp HTTP/1.1" 200 432
"GET /static/app/fonts/DIN%20Neuzeit%20Grotesk%20LT%20W01%20BdCn.woff2 HTTP/1.1" 200 15784
(0.000) SELECT "django_session"."session_key", "django_session"."session_data", "django_session"."expire_date" FROM "django_session" WHERE ("django_session"."expire_date" > '2021-01-31 17:59:48.308447' AND "django_session"."session_key" = 'w6bzrsb6t0midn4hhzvp4zr7g2hqjpm0') LIMIT 21; args=('2021-01-31 17:59:48.308447', 'w6bzrsb6t0midn4hhzvp4zr7g2hqjpm0')
"GET / HTTP/1.1" 200 11178
"GET /static/app/fonts/Nunito-Bold.ttf HTTP/1.1" 200 115852
"GET /static/app/fonts/Playfair%20Display.woff2 HTTP/1.1" 200 61428
"GET /static/app/fonts/Nunito-Light.ttf HTTP/1.1" 200 116360
"GET /static/app/fonts/Nunito-Regular.ttf HTTP/1.1" 200 113832
"GET /static/app/fonts/PlayfairDisplay-Italic.ttf HTTP/1.1" 200 213028
(0.000) BEGIN; args=None
(0.000) UPDATE "django_session" SET "session_data" = 'eyJnYV9jYW1wYWlnbl9wYXJhbXMiOnt9fQ:1l6H0m:OnXaSH3eCphtRLazJ9ixIlF2TvXWblDzl1baAPcRr_M', "expire_date" = '2021-02-14 17:59:48.600284' WHERE "django_session"."session_key" = 'w6bzrsb6t0midn4hhzvp4zr7g2hqjpm0'; args=('eyJnYV9jYW1wYWlnbl9wYXJhbXMiOnt9fQ:1l6H0m:OnXaSH3eCphtRLazJ9ixIlF2TvXWblDzl1baAPcRr_M', '2021-02-14 17:59:48.600284', 'w6bzrsb6t0midn4hhzvp4zr7g2hqjpm0')
"GET /djga/google-analytics/?&p=%2F&tracking_code=UA-187644512-1 HTTP/1.1" 200 42
"GET /static/app/images/favicon.ico HTTP/1.1" 200 3382
