Determining if the pthread_create exist failed with the following output:
Change Dir: /home/curafiles/CuraEngine/build/CMakeFiles/CMakeTmp

Run Build Command:"/usr/bin/make" "cmTC_957eb/fast"
/usr/bin/make -f CMakeFiles/cmTC_957eb.dir/build.make CMakeFiles/cmTC_957eb.dir/build
make[1]: Entering directory '/home/curafiles/CuraEngine/build/CMakeFiles/CMakeTmp'
Building C object CMakeFiles/cmTC_957eb.dir/CheckSymbolExists.c.o
/usr/bin/cc     -o CMakeFiles/cmTC_957eb.dir/CheckSymbolExists.c.o   -c /home/curafiles/CuraEngine/build/CMakeFiles/CMakeTmp/CheckSymbolExists.c
Linking C executable cmTC_957eb
/usr/bin/cmake -E cmake_link_script CMakeFiles/cmTC_957eb.dir/link.txt --verbose=1
/usr/bin/cc       CMakeFiles/cmTC_957eb.dir/CheckSymbolExists.c.o  -o cmTC_957eb -rdynamic 
CMakeFiles/cmTC_957eb.dir/CheckSymbolExists.c.o: In function `main':
CheckSymbolExists.c:(.text+0x16): undefined reference to `pthread_create'
collect2: error: ld returned 1 exit status
CMakeFiles/cmTC_957eb.dir/build.make:97: recipe for target 'cmTC_957eb' failed
make[1]: *** [cmTC_957eb] Error 1
make[1]: Leaving directory '/home/curafiles/CuraEngine/build/CMakeFiles/CMakeTmp'
Makefile:126: recipe for target 'cmTC_957eb/fast' failed
make: *** [cmTC_957eb/fast] Error 2

File /home/curafiles/CuraEngine/build/CMakeFiles/CMakeTmp/CheckSymbolExists.c:
/* */
#include <pthread.h>

int main(int argc, char** argv)
{
  (void)argv;
#ifndef pthread_create
  return ((int*)(&pthread_create))[argc];
#else
  (void)argc;
  return 0;
#endif
}

Determining if the function pthread_create exists in the pthreads failed with the following output:
Change Dir: /home/curafiles/CuraEngine/build/CMakeFiles/CMakeTmp

Run Build Command:"/usr/bin/make" "cmTC_30738/fast"
/usr/bin/make -f CMakeFiles/cmTC_30738.dir/build.make CMakeFiles/cmTC_30738.dir/build
make[1]: Entering directory '/home/curafiles/CuraEngine/build/CMakeFiles/CMakeTmp'
Building C object CMakeFiles/cmTC_30738.dir/CheckFunctionExists.c.o
/usr/bin/cc    -DCHECK_FUNCTION_EXISTS=pthread_create   -o CMakeFiles/cmTC_30738.dir/CheckFunctionExists.c.o   -c /usr/share/cmake-3.5/Modules/CheckFunctionExists.c
Linking C executable cmTC_30738
/usr/bin/cmake -E cmake_link_script CMakeFiles/cmTC_30738.dir/link.txt --verbose=1
/usr/bin/cc   -DCHECK_FUNCTION_EXISTS=pthread_create    CMakeFiles/cmTC_30738.dir/CheckFunctionExists.c.o  -o cmTC_30738 -rdynamic -lpthreads 
/usr/bin/ld: cannot find -lpthreads
collect2: error: ld returned 1 exit status
CMakeFiles/cmTC_30738.dir/build.make:97: recipe for target 'cmTC_30738' failed
make[1]: *** [cmTC_30738] Error 1
make[1]: Leaving directory '/home/curafiles/CuraEngine/build/CMakeFiles/CMakeTmp'
Makefile:126: recipe for target 'cmTC_30738/fast' failed
make: *** [cmTC_30738/fast] Error 2


